Build started 06.01.2013 21:56:02.
     1>Project "D:\projects\Cars\Cars\Cars.vcxproj" on node 2 (build target(s)).
     1>InitializeBuildStatus:
         Creating "Debug\Cars.unsuccessfulbuild" because "AlwaysCreate" was specified.
       ClCompile:
         C:\Program Files\Microsoft Visual Studio 10.0\VC\bin\CL.exe /c /ZI /nologo /W3 /WX- /Od /Oy- /D WIN32 /D _DEBUG /D _CONSOLE /D _UNICODE /D UNICODE /Gm /EHsc /RTC1 /MDd /GS /fp:precise /Zc:wchar_t /Zc:forScope /Fo"Debug\\" /Fd"Debug\vc100.pdb" /Gd /TP /analyze- /errorReport:prompt Cars.cpp
         Cars.cpp
       ManifestResourceCompile:
         All outputs are up-to-date.
       Link:
         C:\Program Files\Microsoft Visual Studio 10.0\VC\bin\link.exe /ERRORREPORT:PROMPT /OUT:"D:\projects\Cars\Debug\Cars.exe" /INCREMENTAL /NOLOGO kernel32.lib user32.lib gdi32.lib winspool.lib comdlg32.lib advapi32.lib shell32.lib ole32.lib oleaut32.lib uuid.lib odbc32.lib odbccp32.lib /MANIFEST /ManifestFile:"Debug\Cars.exe.intermediate.manifest" /MANIFESTUAC:"level='asInvoker' uiAccess='false'" /DEBUG /PDB:"D:\projects\Cars\Debug\Cars.pdb" /SUBSYSTEM:CONSOLE /TLBID:1 /DYNAMICBASE /NXCOMPAT /IMPLIB:"D:\projects\Cars\Debug\Cars.lib" /MACHINE:X86 Debug\Cars.exe.embed.manifest.res
         Debug\Cars.obj
         Debug\QCars.obj
       Manifest:
         C:\Program Files\Microsoft SDKs\Windows\v7.0A\bin\mt.exe /nologo /verbose /out:"Debug\Cars.exe.embed.manifest" /manifest Debug\Cars.exe.intermediate.manifest
         All outputs are up-to-date.
       LinkEmbedManifest:
         All outputs are up-to-date.
         Cars.vcxproj -> D:\projects\Cars\Debug\Cars.exe
       FinalizeBuildStatus:
         Deleting file "Debug\Cars.unsuccessfulbuild".
         Touching "Debug\Cars.lastbuildstate".
     1>Done Building Project "D:\projects\Cars\Cars\Cars.vcxproj" (build target(s)).

Build succeeded.

Time Elapsed 00:00:02.31
